0 info it worked if it ends with ok
1 verbose cli [ '/Users/albertoeyocastro-rial/.nvm/versions/node/v7.3.0/bin/node',
1 verbose cli   '/Users/albertoeyocastro-rial/.nvm/versions/node/v7.3.0/bin/npm',
1 verbose cli   'run',
1 verbose cli   'start' ]
2 info using npm@3.10.10
3 info using node@v7.3.0
4 verbose run-script [ 'prestart', 'start', 'poststart' ]
5 info lifecycle rafp-section-5@1.0.0~prestart: rafp-section-5@1.0.0
6 silly lifecycle rafp-section-5@1.0.0~prestart: no script for prestart, continuing
7 info lifecycle rafp-section-5@1.0.0~start: rafp-section-5@1.0.0
8 verbose lifecycle rafp-section-5@1.0.0~start: unsafe-perm in lifecycle true
9 verbose lifecycle rafp-section-5@1.0.0~start: PATH: /Users/albertoeyocastro-rial/.nvm/versions/node/v7.3.0/lib/node_modules/npm/bin/node-gyp-bin:/Users/albertoeyocastro-rial/OneDrive/Udemy/rest-api-flask-and-python/rafp-section-8/node_modules/.bin:/Users/albertoeyocastro-rial/OneDrive/Udemy/rest-api-flask-and-python/rafp-section-8/venv/bin:/Users/albertoeyocastro-rial/google-cloud-sdk/bin:/Users/albertoeyocastro-rial/.gem/bin:/Users/albertoeyocastro-rial/.nvm/versions/node/v7.3.0/bin:/Library/Frameworks/Python.framework/Versions/3.6/bin:/usr/local/bin:/usr/bin:/bin:/usr/sbin:/sbin:/opt/gradle/gradle-4.0.1/bin:/opt/apache-maven-3.5.0/bin:/Applications/Visual Studio Code.app/Contents/Resources/app/bin
10 verbose lifecycle rafp-section-5@1.0.0~start: CWD: /Users/albertoeyocastro-rial/OneDrive/Udemy/rest-api-flask-and-python/rafp-section-8
11 silly lifecycle rafp-section-5@1.0.0~start: Args: [ '-c', 'npm install && rm   -rf data.db && python app.py' ]
12 silly lifecycle rafp-section-5@1.0.0~start: Returned: code: 1  signal: null
13 info lifecycle rafp-section-5@1.0.0~start: Failed to exec start script
14 verbose stack Error: rafp-section-5@1.0.0 start: `npm install && rm   -rf data.db && python app.py`
14 verbose stack Exit status 1
14 verbose stack     at EventEmitter.<anonymous> (/Users/albertoeyocastro-rial/.nvm/versions/node/v7.3.0/lib/node_modules/npm/lib/utils/lifecycle.js:255:16)
14 verbose stack     at emitTwo (events.js:106:13)
14 verbose stack     at EventEmitter.emit (events.js:191:7)
14 verbose stack     at ChildProcess.<anonymous> (/Users/albertoeyocastro-rial/.nvm/versions/node/v7.3.0/lib/node_modules/npm/lib/utils/spawn.js:40:14)
14 verbose stack     at emitTwo (events.js:106:13)
14 verbose stack     at ChildProcess.emit (events.js:191:7)
14 verbose stack     at maybeClose (internal/child_process.js:885:16)
14 verbose stack     at Process.ChildProcess._handle.onexit (internal/child_process.js:226:5)
15 verbose pkgid rafp-section-5@1.0.0
16 verbose cwd /Users/albertoeyocastro-rial/OneDrive/Udemy/rest-api-flask-and-python/rafp-section-8
17 error Darwin 17.5.0
18 error argv "/Users/albertoeyocastro-rial/.nvm/versions/node/v7.3.0/bin/node" "/Users/albertoeyocastro-rial/.nvm/versions/node/v7.3.0/bin/npm" "run" "start"
19 error node v7.3.0
20 error npm  v3.10.10
21 error code ELIFECYCLE
22 error rafp-section-5@1.0.0 start: `npm install && rm   -rf data.db && python app.py`
22 error Exit status 1
23 error Failed at the rafp-section-5@1.0.0 start script 'npm install && rm   -rf data.db && python app.py'.
23 error Make sure you have the latest version of node.js and npm installed.
23 error If you do, this is most likely a problem with the rafp-section-5 package,
23 error not with npm itself.
23 error Tell the author that this fails on your system:
23 error     npm install && rm   -rf data.db && python app.py
23 error You can get information on how to open an issue for this project with:
23 error     npm bugs rafp-section-5
23 error Or if that isn't available, you can get their info via:
23 error     npm owner ls rafp-section-5
23 error There is likely additional logging output above.
24 verbose exit [ 1, true ]
